\BOOKMARK [0][-]{chapter.1}{Introduction}{}% 1
\BOOKMARK [1][-]{section.1.1}{Motivation}{chapter.1}% 2
\BOOKMARK [1][-]{section.1.2}{Aims}{chapter.1}% 3
\BOOKMARK [1][-]{section.1.3}{Thesis\040Outline}{chapter.1}% 4
\BOOKMARK [1][-]{section.1.4}{Statement\040of\040Ethics}{chapter.1}% 5
\BOOKMARK [0][-]{chapter.2}{Literature\040Review}{}% 6
\BOOKMARK [1][-]{section.2.1}{Menopause}{chapter.2}% 7
\BOOKMARK [2][-]{subsection.2.1.1}{Patriarch\040hypothesis}{section.2.1}% 8
\BOOKMARK [2][-]{subsection.2.1.2}{Grandmother\040hypothesis}{section.2.1}% 9
\BOOKMARK [2][-]{subsection.2.1.3}{Reproductive\040conflict}{section.2.1}% 10
\BOOKMARK [2][-]{subsection.2.1.4}{Other\040hypotheses}{section.2.1}% 11
\BOOKMARK [1][-]{section.2.2}{Evolution}{chapter.2}% 12
\BOOKMARK [2][-]{subsection.2.2.1}{Key\040concepts/terms}{section.2.2}% 13
\BOOKMARK [2][-]{subsection.2.2.2}{Biological\040relevance\040to\040project}{section.2.2}% 14
\BOOKMARK [2][-]{subsection.2.2.3}{Computational\040relevance\040to\040project}{section.2.2}% 15
\BOOKMARK [1][-]{section.2.3}{Modelling\040in\040biology}{chapter.2}% 16
\BOOKMARK [2][-]{subsection.2.3.1}{Deterministic\040modelling}{section.2.3}% 17
\BOOKMARK [2][-]{subsection.2.3.2}{Stochastic\040modelling}{section.2.3}% 18
\BOOKMARK [1][-]{section.2.4}{Conclusions\040from\040Literature}{chapter.2}% 19
\BOOKMARK [0][-]{chapter.3}{Problem\040Description}{}% 20
\BOOKMARK [0][-]{chapter.4}{Design\040and\040Implemenation}{}% 21
\BOOKMARK [0][-]{chapter.5}{Results\040and\040Evaluation}{}% 22
\BOOKMARK [0][-]{chapter.6}{Conclusion}{}% 23
